<?xml version="1.0" encoding="UTF-8"?>
<!-- Generated by org.testng.reporters.JUnitXMLReporter -->
<testsuite ignored="0" hostname="DESKTOP-NF4EIA6" failures="1" tests="1" name="TC--001_TestNG(failed)" time="9.161" errors="0" timestamp="2024-02-03T19:12:25 EST">
  <testcase classname="testcases.TC_001_AccountRegistrationTest" name="verifyAccountRegistrationTest" time="3.056">
    <failure type="java.lang.AssertionError" message="null">
      <![CDATA[java.lang.AssertionError: null
at testcases.TC_001_AccountRegistrationTest.verifyAccountRegistrationTest(TC_001_AccountRegistrationTest.java:61)
at java.base/java.util.ArrayList.forEach(ArrayList.java:1511)
... Removed 29 stack frames]]>
    </failure>
  </testcase> <!-- verifyAccountRegistrationTest -->
</testsuite> <!-- TC-001_TestNG(failed) -->
